/usr/bin/ruby2.2 -r ./siteconf20150802-32678-wwzf1z.rb extconf.rb 
checking for ruby/thread.h... yes
checking for rb_thread_call_without_gvl() in ruby/thread.h... yes
checking for rb_thread_blocking_region()... no
checking for rb_wait_for_single_fd()... yes
checking for rb_hash_dup()... yes
checking for rb_intern3()... yes
-----
Using mysql_config at /usr/bin/mysql_config
-----
checking for mysql.h... yes
checking for errmsg.h... yes
checking for mysqld_error.h... yes
-----
Setting rpath to /usr/lib/i386-linux-gnu
-----
creating Makefile

make "DESTDIR=" clean

make "DESTDIR="
compiling result.c
compiling infile.c
compiling mysql2_ext.c
compiling client.c
linking shared-object mysql2/mysql2.so

make "DESTDIR=" install
/usr/bin/install -c -m 0755 mysql2.so ./.gem.20150802-32678-8w5t6e/mysql2
